<?xml version="1.0" encoding="UTF-8"?>
<!-- Generated by org.testng.reporters.JUnitReportReporter -->
<testsuite hostname="QA-RNARODE" failures="0" tests="1" name="TestNG.demomock" time="42.332" errors="0" timestamp="2023-03-31T15:48:58 IST" skipped="0">
  <testcase classname="TestNG.demomock" name="verifylogin" time="42.332"/>
  <system-out/>
</testsuite> <!-- TestNG.demomock -->
