<?xml version="1.0" encoding="UTF-8"?>
<!-- Generated by org.testng.reporters.JUnitReportReporter -->
<testsuite hostname="QA-RNARODE" failures="0" tests="3" name="TestNG.TEST_Demo" time="15.366" errors="0" timestamp="2023-03-15T22:05:59 IST" skipped="0">
  <testcase classname="TestNG.TEST_Demo" name="testc" time="4.854"/>
  <system-out/>
  <testcase classname="TestNG.TEST_Demo" name="testa" time="5.685"/>
  <system-out/>
  <testcase classname="TestNG.TEST_Demo" name="testb" time="4.827"/>
  <system-out/>
</testsuite> <!-- TestNG.TEST_Demo -->
