<?xml version="1.0" encoding="UTF-8"?>
<!-- Generated by org.testng.reporters.JUnitReportReporter -->
<testsuite hostname="QA-RNARODE" failures="0" tests="2" name="CrossBrowserTesting.LoginTest" time="205.062" errors="0" timestamp="2023-03-15T23:26:01 IST" skipped="0">
  <testcase classname="CrossBrowserTesting.LoginTest" name="verifylogin" time="11.880"/>
  <system-out/>
  <testcase classname="CrossBrowserTesting.LoginTest" name="verifylogin" time="193.182"/>
  <system-out/>
</testsuite> <!-- CrossBrowserTesting.LoginTest -->
