<?xml version="1.0" encoding="UTF-8"?>
<!-- Generated by org.testng.reporters.JUnitReportReporter -->
<testsuite hostname="QA-RNARODE" failures="0" tests="1" name="TestNG.Test_1" time="0.011" errors="0" timestamp="2023-03-15T22:26:34 IST" skipped="0">
  <testcase classname="TestNG.Test_1" name="testcasez" time="0.011"/>
  <system-out/>
</testsuite> <!-- TestNG.Test_1 -->
