<?xml version="1.0" encoding="UTF-8"?>
<!-- Generated by org.testng.reporters.JUnitReportReporter -->
<testsuite hostname="QA-RNARODE" failures="0" tests="3" name="TestNG.Test_2" time="0.011" errors="0" timestamp="2023-04-22T17:16:39 IST" skipped="0">
  <testcase classname="TestNG.Test_2" name="test4" time="0.001"/>
  <system-out/>
  <testcase classname="TestNG.Test_2" name="test3" time="0.002"/>
  <system-out/>
  <testcase classname="TestNG.Test_2" name="test1" time="0.008"/>
  <system-out/>
</testsuite> <!-- TestNG.Test_2 -->
